2024-08-17T10:41:24.339Z - User ID: 66c055ae55a58a58b0f98845 - Failed login attempt - Incorrect password
2024-08-17T10:41:30.302Z - User ID: 66c05bed87395753040eaa54 - User logged in
2024-08-17T10:41:48.376Z - User ID: 66bf8ac548f5f51bd49d3be0 - User logged in
2024-08-17T11:01:55.887Z - User ID: 66c05bed87395753040eaa54 - User logged in
2024-08-17T11:02:11.159Z - User ID: 66c05bed87395753040eaa54 - Failed profile update - Incorrect current password
2024-08-17T11:02:11.781Z - User ID: 66c05bed87395753040eaa54 - Failed profile update - Incorrect current password
2024-08-17T11:02:11.956Z - User ID: 66c05bed87395753040eaa54 - Failed profile update - Incorrect current password
2024-08-17T11:02:12.111Z - User ID: 66c05bed87395753040eaa54 - Failed profile update - Incorrect current password
2024-08-17T11:02:12.180Z - User ID: 66c05bed87395753040eaa54 - Failed profile update - Incorrect current password
2024-08-17T11:02:12.263Z - User ID: 66c05bed87395753040eaa54 - Failed profile update - Incorrect current password
2024-08-17T11:02:12.337Z - User ID: 66c05bed87395753040eaa54 - Failed profile update - Incorrect current password
2024-08-17T11:02:12.425Z - User ID: 66c05bed87395753040eaa54 - Failed profile update - Incorrect current password
2024-08-17T11:02:12.510Z - User ID: 66c05bed87395753040eaa54 - Failed profile update - Incorrect current password
2024-08-17T11:02:12.588Z - User ID: 66c05bed87395753040eaa54 - Failed profile update - Incorrect current password
2024-08-17T11:02:12.663Z - User ID: 66c05bed87395753040eaa54 - Failed profile update - Incorrect current password
2024-08-17T11:02:12.753Z - User ID: 66c05bed87395753040eaa54 - Failed profile update - Incorrect current password
2024-08-17T11:02:13.464Z - User ID: 66c05bed87395753040eaa54 - Failed profile update - Incorrect current password
2024-08-17T11:02:13.734Z - User ID: 66c05bed87395753040eaa54 - Failed profile update - Incorrect current password
2024-08-17T11:02:13.876Z - User ID: 66c05bed87395753040eaa54 - Failed profile update - Incorrect current password
2024-08-17T11:02:14.102Z - User ID: 66c05bed87395753040eaa54 - Failed profile update - Incorrect current password
2024-08-17T12:01:01.117Z - User ID: 66c05bed87395753040eaa54 - User logged in
2024-08-17T12:04:08.164Z - User ID: 66c05bed87395753040eaa54 - User profile updated
2024-08-17T12:09:01.850Z - User ID: 66c05bed87395753040eaa54 - Failed profile update - Incorrect current password
2024-08-17T12:09:09.719Z - User ID: 66c05bed87395753040eaa54 - User profile updated
2024-08-17T12:09:55.325Z - User ID: 66c05bed87395753040eaa54 - User profile updated
2024-08-17T12:11:56.507Z - User ID: 66c05bed87395753040eaa54 - Failed profile update - Incorrect current password
2024-08-17T12:12:05.728Z - User ID: 66c05bed87395753040eaa54 - Failed profile update - Incorrect current password
2024-08-17T12:12:05.980Z - User ID: 66c05bed87395753040eaa54 - Failed profile update - Incorrect current password
2024-08-17T12:12:06.185Z - User ID: 66c05bed87395753040eaa54 - Failed profile update - Incorrect current password
2024-08-17T12:12:06.360Z - User ID: 66c05bed87395753040eaa54 - Failed profile update - Incorrect current password
2024-08-17T12:12:06.564Z - User ID: 66c05bed87395753040eaa54 - Failed profile update - Incorrect current password
2024-08-17T12:12:06.737Z - User ID: 66c05bed87395753040eaa54 - Failed profile update - Incorrect current password
2024-08-17T12:12:07.088Z - User ID: 66c05bed87395753040eaa54 - Failed profile update - Incorrect current password
2024-08-17T12:12:07.468Z - User ID: 66c05bed87395753040eaa54 - Failed profile update - Incorrect current password
2024-08-17T12:12:07.843Z - User ID: 66c05bed87395753040eaa54 - Failed profile update - Incorrect current password
2024-08-17T12:12:08.214Z - User ID: 66c05bed87395753040eaa54 - Failed profile update - Incorrect current password
2024-08-17T12:12:08.602Z - User ID: 66c05bed87395753040eaa54 - Failed profile update - Incorrect current password
2024-08-17T12:12:08.985Z - User ID: 66c05bed87395753040eaa54 - Failed profile update - Incorrect current password
2024-08-17T12:12:09.357Z - User ID: 66c05bed87395753040eaa54 - Failed profile update - Incorrect current password
2024-08-17T12:12:09.739Z - User ID: 66c05bed87395753040eaa54 - Failed profile update - Incorrect current password
2024-08-17T12:12:14.438Z - User ID: 66c05bed87395753040eaa54 - Failed profile update - Incorrect current password
2024-08-17T12:14:27.996Z - User ID: 66c05bed87395753040eaa54 - Failed profile update - Incorrect current password
2024-08-17T12:14:38.266Z - User ID: 66c05bed87395753040eaa54 - Failed profile update - Incorrect current password
2024-08-17T12:14:38.534Z - User ID: 66c05bed87395753040eaa54 - Failed profile update - Incorrect current password
2024-08-17T12:14:38.656Z - User ID: 66c05bed87395753040eaa54 - Failed profile update - Incorrect current password
2024-08-17T12:14:38.908Z - User ID: 66c05bed87395753040eaa54 - Failed profile update - Incorrect current password
2024-08-17T12:14:39.041Z - User ID: 66c05bed87395753040eaa54 - Failed profile update - Incorrect current password
2024-08-17T12:14:39.285Z - User ID: 66c05bed87395753040eaa54 - Failed profile update - Incorrect current password
2024-08-17T12:14:39.414Z - User ID: 66c05bed87395753040eaa54 - Failed profile update - Incorrect current password
2024-08-17T12:14:39.667Z - User ID: 66c05bed87395753040eaa54 - Failed profile update - Incorrect current password
2024-08-17T12:19:36.289Z - User ID: 66c05bed87395753040eaa54 - Failed profile update - Incorrect current password
2024-08-17T12:20:01.924Z - User ID: 66c05bed87395753040eaa54 - Failed profile update - Incorrect current password
2024-08-17T12:21:58.323Z - User ID: 66c05bed87395753040eaa54 - Failed profile update - Incorrect current password
2024-08-17T12:26:12.916Z - User ID: 66c05bed87395753040eaa54 - Failed profile update - Incorrect current password
2024-08-17T12:26:22.698Z - User ID: 66c05bed87395753040eaa54 - Failed profile update - Incorrect current password
2024-08-17T12:26:24.696Z - User ID: 66c05bed87395753040eaa54 - Failed profile update - Incorrect current password
2024-08-17T12:26:24.960Z - User ID: 66c05bed87395753040eaa54 - Failed profile update - Incorrect current password
2024-08-17T12:26:25.068Z - User ID: 66c05bed87395753040eaa54 - Failed profile update - Incorrect current password
2024-08-17T12:26:25.334Z - User ID: 66c05bed87395753040eaa54 - Failed profile update - Incorrect current password
2024-08-17T12:32:52.848Z - User ID: 66c05bed87395753040eaa54 - Failed profile update - Incorrect current password
2024-08-17T12:33:04.295Z - User ID: 66c05bed87395753040eaa54 - Failed profile update - Incorrect current password
2024-08-17T12:33:15.953Z - User ID: 66c05bed87395753040eaa54 - Failed login attempt - Incorrect password
2024-08-17T12:33:19.162Z - User ID: 66c05bed87395753040eaa54 - Failed login attempt - Incorrect password
2024-08-17T12:33:22.625Z - User ID: 66c05bed87395753040eaa54 - Failed login attempt - Incorrect password
2024-08-17T12:33:26.695Z - User ID: 66c05bed87395753040eaa54 - Failed login attempt - Incorrect password
2024-08-17T12:33:32.261Z - User ID: 66c05bed87395753040eaa54 - Failed login attempt - Incorrect password
2024-08-17T12:33:35.905Z - User ID: 66c05bed87395753040eaa54 - Failed login attempt - Account locked
2024-08-17T12:34:13.685Z - User ID: 66c098c5f73a5e3b24f305a0 - New user registered
2024-08-17T12:34:23.687Z - User ID: 66c098c5f73a5e3b24f305a0 - User profile updated
2024-08-17T12:34:43.615Z - User ID: 66c098c5f73a5e3b24f305a0 - Failed profile update - Reused password
2024-08-17T12:39:07.475Z - User ID: 66c098c5f73a5e3b24f305a0 - Failed profile update - Incorrect current password
2024-08-17T12:39:33.675Z - User ID: 66c098c5f73a5e3b24f305a0 - Failed profile update - Incorrect current password
2024-08-17T12:39:58.713Z - User ID: 66c098c5f73a5e3b24f305a0 - Failed profile update - Incorrect current password
2024-08-17T12:43:01.811Z - User ID: 66c098c5f73a5e3b24f305a0 - Failed profile update - Incorrect current password
2024-08-17T12:47:19.386Z - User ID: 66c098c5f73a5e3b24f305a0 - Failed profile update - Incorrect current password
2024-08-17T12:49:42.139Z - User ID: 66c098c5f73a5e3b24f305a0 - Failed profile update - Incorrect current password
2024-08-17T12:49:42.619Z - User ID: 66c098c5f73a5e3b24f305a0 - Failed profile update - Incorrect current password
2024-08-17T12:49:42.807Z - User ID: 66c098c5f73a5e3b24f305a0 - Failed profile update - Incorrect current password
2024-08-17T12:49:43.254Z - User ID: 66c098c5f73a5e3b24f305a0 - Failed profile update - Incorrect current password
2024-08-17T12:49:43.518Z - User ID: 66c098c5f73a5e3b24f305a0 - Failed profile update - Incorrect current password
2024-08-17T12:49:43.630Z - User ID: 66c098c5f73a5e3b24f305a0 - Failed profile update - Incorrect current password
2024-08-17T12:49:43.894Z - User ID: 66c098c5f73a5e3b24f305a0 - Failed profile update - Incorrect current password
2024-08-17T12:58:37.271Z - User ID: 66c098c5f73a5e3b24f305a0 - Failed profile update - Incorrect current password
2024-08-17T12:58:38.073Z - User ID: 66c098c5f73a5e3b24f305a0 - Failed profile update - Incorrect current password
2024-08-17T12:58:38.531Z - User ID: 66c098c5f73a5e3b24f305a0 - Failed profile update - Incorrect current password
2024-08-17T12:58:38.801Z - User ID: 66c098c5f73a5e3b24f305a0 - Failed profile update - Incorrect current password
2024-08-17T12:58:38.905Z - User ID: 66c098c5f73a5e3b24f305a0 - Failed profile update - Incorrect current password
2024-08-17T12:58:39.189Z - User ID: 66c098c5f73a5e3b24f305a0 - Failed profile update - Incorrect current password
2024-08-17T12:58:39.288Z - User ID: 66c098c5f73a5e3b24f305a0 - Failed profile update - Incorrect current password
2024-08-17T13:00:23.645Z - User ID: 66c098c5f73a5e3b24f305a0 - Failed profile update - Incorrect current password
2024-08-17T13:00:26.887Z - User ID: 66c098c5f73a5e3b24f305a0 - Failed profile update - Incorrect current password
2024-08-17T13:00:27.713Z - User ID: 66c098c5f73a5e3b24f305a0 - Failed profile update - Incorrect current password
2024-08-17T13:00:29.125Z - User ID: 66c098c5f73a5e3b24f305a0 - Failed profile update - Incorrect current password
2024-08-17T13:00:30.128Z - User ID: 66c098c5f73a5e3b24f305a0 - Failed profile update - Incorrect current password
2024-08-17T13:00:31.116Z - User ID: 66c098c5f73a5e3b24f305a0 - Failed profile update - Incorrect current password
2024-08-17T13:01:15.522Z - User ID: 66c098c5f73a5e3b24f305a0 - Failed profile update - Incorrect current password
2024-08-17T13:19:28.918Z - User ID: 66c098c5f73a5e3b24f305a0 - Failed profile update - Incorrect current password
2024-08-17T13:19:29.904Z - User ID: 66c098c5f73a5e3b24f305a0 - Failed profile update - Incorrect current password
2024-08-17T13:19:30.349Z - User ID: 66c098c5f73a5e3b24f305a0 - Failed profile update - Incorrect current password
2024-08-17T13:19:30.920Z - User ID: 66c098c5f73a5e3b24f305a0 - Failed profile update - Incorrect current password
2024-08-17T13:19:31.184Z - User ID: 66c098c5f73a5e3b24f305a0 - Failed profile update - Incorrect current password
2024-08-17T13:19:33.546Z - User ID: 66c098c5f73a5e3b24f305a0 - Failed profile update - Incorrect current password
2024-08-17T13:19:34.151Z - User ID: 66c098c5f73a5e3b24f305a0 - Failed profile update - Incorrect current password
2024-08-17T13:24:24.343Z - User ID: 66c098c5f73a5e3b24f305a0 - Failed profile update - Incorrect current password
2024-08-17T13:46:10.266Z - User ID: 66c0a9a21b10a93d701672fd - New user registered
2024-08-17T13:47:46.882Z - User ID: 66c0aa021b10a93d701672fe - New user registered
2024-08-17T13:49:41.003Z - User ID: 66c0aa021b10a93d701672fe - User logged in
2024-08-17T14:58:00.189Z - User ID: 66c0ba7838276738f0463638 - New user registered
2024-08-17T14:58:12.625Z - User ID: 66c0ba7838276738f0463638 - Failed login attempt - Incorrect password
2024-08-17T14:58:16.428Z - User ID: 66c0ba7838276738f0463638 - Failed login attempt - Incorrect password
2024-08-17T14:58:18.520Z - User ID: 66c0ba7838276738f0463638 - Failed login attempt - Incorrect password
2024-08-17T14:58:20.600Z - User ID: 66c0ba7838276738f0463638 - Failed login attempt - Incorrect password
2024-08-17T14:58:22.729Z - User ID: 66c0ba7838276738f0463638 - Failed login attempt - Incorrect password
2024-08-17T14:58:23.723Z - User ID: 66c0ba7838276738f0463638 - Failed login attempt - Account locked
2024-08-17T14:59:41.104Z - User ID: 66c0b97838276738f0463637 - User logged in
2024-08-17T15:10:50.114Z - User ID: 66c0bd7a034b335cfca1fe3b - New user registered
2024-08-17T15:21:30.761Z - User ID: 66c0bffa034b335cfca1fe3c - New user registered
2024-08-17T15:23:22.354Z - User ID: 66c0c06a034b335cfca1fe3d - New user registered
2024-08-17T15:23:48.028Z - User ID: 66c0c083034b335cfca1fe3e - New user registered
2024-08-17T15:24:45.405Z - User ID: 66c0c0bd034b335cfca1fe3f - New user registered
2024-08-17T15:25:55.718Z - User ID: 66c0c06a034b335cfca1fe3d - Failed login attempt - Incorrect password
2024-08-17T15:25:59.102Z - User ID: 66c0c06a034b335cfca1fe3d - Failed login attempt - Incorrect password
2024-08-17T15:26:00.857Z - User ID: 66c0c06a034b335cfca1fe3d - Failed login attempt - Incorrect password
2024-08-17T15:26:03.071Z - User ID: 66c0c06a034b335cfca1fe3d - Failed login attempt - Incorrect password
2024-08-17T15:26:05.954Z - User ID: 66c0c06a034b335cfca1fe3d - Failed login attempt - Incorrect password
2024-08-17T15:26:07.346Z - User ID: 66c0c06a034b335cfca1fe3d - Failed login attempt - Account locked
2024-08-17T15:26:14.578Z - User ID: 66c0c06a034b335cfca1fe3d - Failed login attempt - Account locked
2024-08-17T15:26:26.036Z - User ID: 66c0c083034b335cfca1fe3e - User logged in
2024-08-21T20:32:15.327Z - User ID: 66c0c06a034b335cfca1fe3d - User logged in
2024-08-21T20:49:29.567Z - User ID: 66c0c083034b335cfca1fe3e - User logged in
2024-08-21T21:03:32.307Z - User ID: 66c0c06a034b335cfca1fe3d - User logged in
2024-08-22T06:25:46.659Z - User ID: 66c0c06a034b335cfca1fe3d - User logged in
2024-08-22T06:25:55.537Z - User ID: 66c0c06a034b335cfca1fe3d - Failed login attempt - Incorrect password
2024-08-22T06:25:56.855Z - User ID: 66c0c06a034b335cfca1fe3d - Failed login attempt - Incorrect password
2024-08-22T06:25:57.652Z - User ID: 66c0c06a034b335cfca1fe3d - Failed login attempt - Incorrect password
2024-08-22T06:25:58.243Z - User ID: 66c0c06a034b335cfca1fe3d - Failed login attempt - Incorrect password
2024-08-22T06:25:59.117Z - User ID: 66c0c06a034b335cfca1fe3d - Failed login attempt - Incorrect password
2024-08-22T06:26:00.276Z - User ID: 66c0c06a034b335cfca1fe3d - Failed login attempt - Account locked
2024-08-22T06:26:04.374Z - User ID: 66c0c06a034b335cfca1fe3d - Failed login attempt - Account locked
2024-08-22T06:26:29.142Z - User ID: 66c0c083034b335cfca1fe3e - User logged in
2024-08-22T08:36:44.226Z - User ID: 66c6f89c3c3ff8873c233966 - New user registered
2024-08-22T08:40:09.517Z - User ID: 66c6f89c3c3ff8873c233966 - User logged in
